--------------------------------------------------------------------------------
JobId          : r07c52-0-6033a5f2
Name           : many
Program        : LigPrep
Host           : r07c52.bullx
Dir            : /scratch/project_2001659/yetukuri/nextflow_HTVS/many/data
HostEntry      : localhost
JobHost        : r07c52.bullx
JobDir         : /users/yetukuri/.schrodinger/tmp/many
JobSchrodinger : /appl/soft/chem/schrodinger/2020.4
Commandline    : /appl/soft/chem/schrodinger/2020.4/ligprep -NJOBS 5 -isd SamplePart1.sdf -osd many-out.sd
StartTime      : 2021-02-22-14:39:15
--------------------------------------------------------------------------------
LigPrep: preparing subjobs

Running subjobs on hosts:
  localhost (Max: 1)
Number of jobs:       5
Max retries per job:  2
Max allowed failures: unlimited
Run with -LOCAL:      False
Verbosity:            normal

Starting JobDJ...

Keep one job on driver host: False
JobDJ columns:
  C: Number of completed subjobs
  A: Number of active subjobs (e.g., submitted, running)
  W: Number of waiting/pending subjobs

C A W | Activity  JobId  JobName  JobHost
- - - | --------- -----------------------
0 1 4 | launched  r07c52-0-6033a5f6 many-1 localhost [r07c52]
1 0 4 | finished  r07c52-0-6033a5f6 many-1 localhost [r07c52]
1 1 3 | launched  r07c52-0-6033a614 many-2 localhost [r07c52]
2 0 3 | finished  r07c52-0-6033a614 many-2 localhost [r07c52]
2 1 2 | launched  r07c52-0-6033a61a many-3 localhost [r07c52]
3 0 2 | finished  r07c52-0-6033a61a many-3 localhost [r07c52]
3 1 1 | launched  r07c52-0-6033a61f many-4 localhost [r07c52]
4 0 1 | finished  r07c52-0-6033a61f many-4 localhost [r07c52]
4 1 0 | launched  r07c52-0-6033a625 many-5 localhost [r07c52]
5 0 0 | finished  r07c52-0-6033a625 many-5 localhost [r07c52]

All jobs have completed.

5 of 5 job(s) succeeded; 0 job(s) failed.

--------------------------------------------------------------------------------
SUBJOB: many-1


--------------------------------------------------------------------------------
JobId          : r07c52-0-6033a5f6
Name           : many-1
Program        : LigPrep
Host           : r07c52.bullx
Dir            : /users/yetukuri/.schrodinger/tmp/many
HostEntry      : localhost
JobHost        : r07c52.bullx
JobDir         : /users/yetukuri/.schrodinger/tmp/many-1
JobSchrodinger : /appl/soft/chem/schrodinger/2020.4
Commandline    : /appl/soft/chem/schrodinger/2020.4/ligprep -orig_file SamplePart1.sdf -orig_file_index 1 -isd in_many-1.sdf -osd many-1.sd -HOST localhost
StartTime      : 2021-02-22-14:39:18
--------------------------------------------------------------------------------
LigPrep (version 56144). Copyright Schrodinger, LLC. All rights reserved.

LigPrep command:
$SCHRODINGER/ligprep -orig_file SamplePart1.sdf -orig_file_index 1 -isd in_many-1.sdf -osd many-1.sd

Processing steps:
$DO.sdconvert_in -bad -orig_file_index 0 -orig_file SamplePart1.sdf in_many-1.sdf
$DO.sdstereoexpander -add_hydrogens -max_output 32 -max_generated 1024 <infile.mae> <outfile.mae>
$DO.htreat -t All-None -a all -s -l 200 <infile.mae> <outfile.mae>
$DO.desalter <infile.mae> <outfile.mae>
$DO.neutralizer -m 200 <infile.mae> <outfile.mae>
$DO.tautomerizer -n 8 -ma 200 <infile.mae> <outfile.mae>
$DO.guard <infile.mae> <outfile.mae>
$DO.stereoizer -label_specified_chiralities -n 32 <infile.mae> <outfile.mae>
$DO.cgx -optimize -ffld 14 -epsilon 10.0 <infile.mae> <outfile.mae>
$DO.filterstereo -max_stereo 32 <infile.mae> <outfile.mae>

DO=$SCHRODINGER/run python3 -m schrodinger.application.macromodel.packages.ligprep3

# counts of output and dropped structures after processing steps
# index  sdstex  htreat  desalt  neutra  tautom   guard  stereo    cgx   filter  title
       1   1/0     1/0     1/0     1/0     1/0     1/0     1/0     1/0     1/0   'Elinogrel'

# of processed structures in "many-1.sd" : 1
# of dropped structures in "many-1-dropped.sdf" : 0

backend run time: 0 hours 0 minutes 7.091 seconds
--------------------------------------------------------------------------------
SUBJOB: many-2


--------------------------------------------------------------------------------
JobId          : r07c52-0-6033a614
Name           : many-2
Program        : LigPrep
Host           : r07c52.bullx
Dir            : /users/yetukuri/.schrodinger/tmp/many
HostEntry      : localhost
JobHost        : r07c52.bullx
JobDir         : /users/yetukuri/.schrodinger/tmp/many-2
JobSchrodinger : /appl/soft/chem/schrodinger/2020.4
Commandline    : /appl/soft/chem/schrodinger/2020.4/ligprep -orig_file SamplePart1.sdf -orig_file_index 2 -isd in_many-2.sdf -osd many-2.sd -HOST localhost
StartTime      : 2021-02-22-14:39:49
--------------------------------------------------------------------------------
LigPrep (version 56144). Copyright Schrodinger, LLC. All rights reserved.

LigPrep command:
$SCHRODINGER/ligprep -orig_file SamplePart1.sdf -orig_file_index 2 -isd in_many-2.sdf -osd many-2.sd

Processing steps:
$DO.sdconvert_in -bad -orig_file_index 1 -orig_file SamplePart1.sdf in_many-2.sdf
$DO.sdstereoexpander -add_hydrogens -max_output 32 -max_generated 1024 <infile.mae> <outfile.mae>
$DO.htreat -t All-None -a all -s -l 200 <infile.mae> <outfile.mae>
$DO.desalter <infile.mae> <outfile.mae>
$DO.neutralizer -m 200 <infile.mae> <outfile.mae>
$DO.tautomerizer -n 8 -ma 200 <infile.mae> <outfile.mae>
$DO.guard <infile.mae> <outfile.mae>
$DO.stereoizer -label_specified_chiralities -n 32 <infile.mae> <outfile.mae>
$DO.cgx -optimize -ffld 14 -epsilon 10.0 <infile.mae> <outfile.mae>
$DO.filterstereo -max_stereo 32 <infile.mae> <outfile.mae>

DO=$SCHRODINGER/run python3 -m schrodinger.application.macromodel.packages.ligprep3

# counts of output and dropped structures after processing steps
# index  sdstex  htreat  desalt  neutra  tautom   guard  stereo    cgx   filter  title
       2   1/0     1/0     1/0     1/0     1/0     1/0     1/0     1/0     1/0   'Rolapitant'

# of processed structures in "many-2.sd" : 1
# of dropped structures in "many-2-dropped.sdf" : 0

backend run time: 0 hours 0 minutes 2.117 seconds
--------------------------------------------------------------------------------
SUBJOB: many-3


--------------------------------------------------------------------------------
JobId          : r07c52-0-6033a61a
Name           : many-3
Program        : LigPrep
Host           : r07c52.bullx
Dir            : /users/yetukuri/.schrodinger/tmp/many
HostEntry      : localhost
JobHost        : r07c52.bullx
JobDir         : /users/yetukuri/.schrodinger/tmp/many-3
JobSchrodinger : /appl/soft/chem/schrodinger/2020.4
Commandline    : /appl/soft/chem/schrodinger/2020.4/ligprep -orig_file SamplePart1.sdf -orig_file_index 3 -isd in_many-3.sdf -osd many-3.sd -HOST localhost
StartTime      : 2021-02-22-14:39:54
--------------------------------------------------------------------------------
LigPrep (version 56144). Copyright Schrodinger, LLC. All rights reserved.

LigPrep command:
$SCHRODINGER/ligprep -orig_file SamplePart1.sdf -orig_file_index 3 -isd in_many-3.sdf -osd many-3.sd

Processing steps:
$DO.sdconvert_in -bad -orig_file_index 2 -orig_file SamplePart1.sdf in_many-3.sdf
$DO.sdstereoexpander -add_hydrogens -max_output 32 -max_generated 1024 <infile.mae> <outfile.mae>
$DO.htreat -t All-None -a all -s -l 200 <infile.mae> <outfile.mae>
$DO.desalter <infile.mae> <outfile.mae>
$DO.neutralizer -m 200 <infile.mae> <outfile.mae>
$DO.tautomerizer -n 8 -ma 200 <infile.mae> <outfile.mae>
$DO.guard <infile.mae> <outfile.mae>
$DO.stereoizer -label_specified_chiralities -n 32 <infile.mae> <outfile.mae>
$DO.cgx -optimize -ffld 14 -epsilon 10.0 <infile.mae> <outfile.mae>
$DO.filterstereo -max_stereo 32 <infile.mae> <outfile.mae>

DO=$SCHRODINGER/run python3 -m schrodinger.application.macromodel.packages.ligprep3

# counts of output and dropped structures after processing steps
# index  sdstex  htreat  desalt  neutra  tautom   guard  stereo    cgx   filter  title
       3   1/0     1/0     1/0     1/0     2/0     2/0     2/0     2/0     2/0   'Tozasertib'

# of processed structures in "many-3.sd" : 2
# of dropped structures in "many-3-dropped.sdf" : 0

backend run time: 0 hours 0 minutes 2.395 seconds
--------------------------------------------------------------------------------
SUBJOB: many-4


--------------------------------------------------------------------------------
JobId          : r07c52-0-6033a61f
Name           : many-4
Program        : LigPrep
Host           : r07c52.bullx
Dir            : /users/yetukuri/.schrodinger/tmp/many
HostEntry      : localhost
JobHost        : r07c52.bullx
JobDir         : /users/yetukuri/.schrodinger/tmp/many-4
JobSchrodinger : /appl/soft/chem/schrodinger/2020.4
Commandline    : /appl/soft/chem/schrodinger/2020.4/ligprep -orig_file SamplePart1.sdf -orig_file_index 4 -isd in_many-4.sdf -osd many-4.sd -HOST localhost
StartTime      : 2021-02-22-14:39:59
--------------------------------------------------------------------------------
LigPrep (version 56144). Copyright Schrodinger, LLC. All rights reserved.

LigPrep command:
$SCHRODINGER/ligprep -orig_file SamplePart1.sdf -orig_file_index 4 -isd in_many-4.sdf -osd many-4.sd

Processing steps:
$DO.sdconvert_in -bad -orig_file_index 3 -orig_file SamplePart1.sdf in_many-4.sdf
$DO.sdstereoexpander -add_hydrogens -max_output 32 -max_generated 1024 <infile.mae> <outfile.mae>
$DO.htreat -t All-None -a all -s -l 200 <infile.mae> <outfile.mae>
$DO.desalter <infile.mae> <outfile.mae>
$DO.neutralizer -m 200 <infile.mae> <outfile.mae>
$DO.tautomerizer -n 8 -ma 200 <infile.mae> <outfile.mae>
$DO.guard <infile.mae> <outfile.mae>
$DO.stereoizer -label_specified_chiralities -n 32 <infile.mae> <outfile.mae>
$DO.cgx -optimize -ffld 14 -epsilon 10.0 <infile.mae> <outfile.mae>
$DO.filterstereo -max_stereo 32 <infile.mae> <outfile.mae>

DO=$SCHRODINGER/run python3 -m schrodinger.application.macromodel.packages.ligprep3

# counts of output and dropped structures after processing steps
# index  sdstex  htreat  desalt  neutra  tautom   guard  stereo    cgx   filter  title
       4   4/0     4/0     4/0     4/0     4/0     4/0     4/0     4/0     4/0   'Coleneuramide'

# of processed structures in "many-4.sd" : 4
# of dropped structures in "many-4-dropped.sdf" : 0

backend run time: 0 hours 0 minutes 2.920 seconds
--------------------------------------------------------------------------------
SUBJOB: many-5


--------------------------------------------------------------------------------
JobId          : r07c52-0-6033a625
Name           : many-5
Program        : LigPrep
Host           : r07c52.bullx
Dir            : /users/yetukuri/.schrodinger/tmp/many
HostEntry      : localhost
JobHost        : r07c52.bullx
JobDir         : /users/yetukuri/.schrodinger/tmp/many-5
JobSchrodinger : /appl/soft/chem/schrodinger/2020.4
Commandline    : /appl/soft/chem/schrodinger/2020.4/ligprep -orig_file SamplePart1.sdf -orig_file_index 5 -isd in_many-5.sdf -osd many-5.sd -HOST localhost
StartTime      : 2021-02-22-14:40:06
--------------------------------------------------------------------------------
LigPrep (version 56144). Copyright Schrodinger, LLC. All rights reserved.

LigPrep command:
$SCHRODINGER/ligprep -orig_file SamplePart1.sdf -orig_file_index 5 -isd in_many-5.sdf -osd many-5.sd

Processing steps:
$DO.sdconvert_in -bad -orig_file_index 4 -orig_file SamplePart1.sdf in_many-5.sdf
$DO.sdstereoexpander -add_hydrogens -max_output 32 -max_generated 1024 <infile.mae> <outfile.mae>
$DO.htreat -t All-None -a all -s -l 200 <infile.mae> <outfile.mae>
$DO.desalter <infile.mae> <outfile.mae>
$DO.neutralizer -m 200 <infile.mae> <outfile.mae>
$DO.tautomerizer -n 8 -ma 200 <infile.mae> <outfile.mae>
$DO.guard <infile.mae> <outfile.mae>
$DO.stereoizer -label_specified_chiralities -n 32 <infile.mae> <outfile.mae>
$DO.cgx -optimize -ffld 14 -epsilon 10.0 <infile.mae> <outfile.mae>
$DO.filterstereo -max_stereo 32 <infile.mae> <outfile.mae>

DO=$SCHRODINGER/run python3 -m schrodinger.application.macromodel.packages.ligprep3

# counts of output and dropped structures after processing steps
# index  sdstex  htreat  desalt  neutra  tautom   guard  stereo    cgx   filter  title
       5   1/0     1/0     1/0     1/0     1/0     1/0     1/0     1/0     1/0   'Esomeprazole'

# of processed structures in "many-5.sd" : 1
# of dropped structures in "many-5-dropped.sdf" : 0

backend run time: 0 hours 0 minutes 2.034 seconds
--------------------------------------------------------------------------------

# of processed structures in "many-out.sd" : 9
# of dropped structures in "many-dropped.sdf" : 0

total run time: 0 hours 0 minutes 54.089 seconds
